build/app/intermediates/manifest_merge_blame_file/debug/manifest-merger-blame-debug-report.txt
1<?xml version="1.0" encoding="utf-8"?>
2<manifest xmlns:android="http://schemas.android.com/apk/res/android"
3    package="com.techbrothers.flutternotifications"
4    android:versionCode="1"
5    android:versionName="1.0.0" >
6
7    <uses-sdk
8        android:minSdkVersion="19"
9        android:targetSdkVersion="33" />
10    <!--
11         The INTERNET permission is required for development. Specifically,
12         the Flutter tool needs it to communicate with the running application
13         to allow setting breakpoints, to provide hot reload, etc.
14    -->
15    <uses-permission android:name="android.permission.INTERNET" />
15-->src\main\AndroidManifest.xml:4:5-66
15-->src\main\AndroidManifest.xml:4:22-64
16    <uses-permission android:name="android.permission.ACCESS_FINE_LOCATION" />
16-->src\main\AndroidManifest.xml:5:5-78
16-->src\main\AndroidManifest.xml:5:22-76
17    <uses-permission android:name="android.permission.ACCESS_COARSE_LOCATION" />
17-->src\main\AndroidManifest.xml:6:5-80
17-->src\main\AndroidManifest.xml:6:22-78
18    <uses-permission android:name="android.permission.RECEIVE_BOOT_COMPLETED" />
18-->src\main\AndroidManifest.xml:7:5-80
18-->src\main\AndroidManifest.xml:7:22-78
19    <uses-permission android:name="android.permission.VIBRATE" />
19-->src\main\AndroidManifest.xml:8:5-66
19-->src\main\AndroidManifest.xml:8:22-63
20    <uses-permission android:name="android.permission.WAKE_LOCK" />
20-->[:firebase_messaging] AndroidManifest.xml:10:5-68
20-->[:firebase_messaging] AndroidManifest.xml:10:22-65
21    <uses-permission android:name="android.permission.ACCESS_NETWORK_STATE" /> <!-- Permissions options for the `notification` group -->
21-->[:firebase_messaging] AndroidManifest.xml:11:5-79
21-->[:firebase_messaging] AndroidManifest.xml:11:22-76
22    <uses-permission android:name="android.permission.POST_NOTIFICATIONS" />
22-->[:firebase_messaging] AndroidManifest.xml:13:5-77
22-->[:firebase_messaging] AndroidManifest.xml:13:22-74
23    <uses-permission android:name="android.permission.USE_FULL_SCREEN_INTENT" />
23-->[:flutter_local_notifications] AndroidManifest.xml:11:5-81
23-->[:flutter_local_notifications] AndroidManifest.xml:11:22-78
24    <uses-permission android:name="android.permission.SCHEDULE_EXACT_ALARM" /> <!-- Required by older versions of Google Play services to create IID tokens -->
24-->[:flutter_local_notifications] AndroidManifest.xml:12:5-79
24-->[:flutter_local_notifications] AndroidManifest.xml:12:22-76
25    <uses-permission android:name="com.google.android.c2dm.permission.RECEIVE" />
25-->[com.google.firebase:firebase-iid:21.1.0] AndroidManifest.xml:26:5-82
25-->[com.google.firebase:firebase-iid:21.1.0] AndroidManifest.xml:26:22-79
26
27    <application
28        android:name="android.app.Application"
29        android:appComponentFactory="androidx.core.app.CoreComponentFactory"
29-->[androidx.core:core:1.6.0] AndroidManifest.xml:24:18-86
30        android:debuggable="true"
31        android:icon="@mipmap/ic_launcher"
32        android:label="flutter_firebase_notifications" >
33        <activity
34            android:name="com.example.flutter_firebase_notifications.MainActivity"
35            android:configChanges="orientation|keyboardHidden|keyboard|screenSize|smallestScreenSize|locale|layoutDirection|fontScale|screenLayout|density|uiMode"
36            android:exported="true"
37            android:hardwareAccelerated="true"
38            android:launchMode="singleTop"
39            android:theme="@style/LaunchTheme"
40            android:windowSoftInputMode="adjustResize" >
41
42            <!--
43                 Specifies an Android theme to apply to this Activity as soon as
44                 the Android process has started. This theme is visible to the user
45                 while the Flutter UI initializes. After that, this theme continues
46                 to determine the Window background behind the Flutter UI.
47            -->
48            <meta-data
49                android:name="io.flutter.embedding.android.NormalTheme"
50                android:resource="@style/NormalTheme" />
51
52            <intent-filter>
53                <action android:name="android.intent.action.MAIN" />
54
55                <category android:name="android.intent.category.LAUNCHER" />
56            </intent-filter>
57        </activity>
58        <!--
59             Don't delete the meta-data below.
60             This is used by the Flutter tool to generate GeneratedPluginRegistrant.java
61        -->
62        <meta-data
63            android:name="flutterEmbedding"
64            android:value="2" />
65        <meta-data
66            android:name="com.google.firebase.messaging.default_notification_channel_id"
67            android:value="high_importance_channel" />
68
69        <service
69-->[:firebase_messaging] AndroidManifest.xml:16:9-19:72
70            android:name="io.flutter.plugins.firebase.messaging.FlutterFirebaseMessagingBackgroundService"
70-->[:firebase_messaging] AndroidManifest.xml:17:13-107
71            android:exported="false"
71-->[:firebase_messaging] AndroidManifest.xml:18:13-37
72            android:permission="android.permission.BIND_JOB_SERVICE" />
72-->[:firebase_messaging] AndroidManifest.xml:19:13-69
73        <service
73-->[:firebase_messaging] AndroidManifest.xml:20:9-26:19
74            android:name="io.flutter.plugins.firebase.messaging.FlutterFirebaseMessagingService"
74-->[:firebase_messaging] AndroidManifest.xml:21:13-97
75            android:exported="false" >
75-->[:firebase_messaging] AndroidManifest.xml:22:13-37
76            <intent-filter>
76-->[:firebase_messaging] AndroidManifest.xml:23:13-25:29
77                <action android:name="com.google.firebase.MESSAGING_EVENT" />
77-->[:firebase_messaging] AndroidManifest.xml:24:17-78
77-->[:firebase_messaging] AndroidManifest.xml:24:25-75
78            </intent-filter>
79        </service>
80
81        <receiver
81-->[:firebase_messaging] AndroidManifest.xml:28:9-35:20
82            android:name="io.flutter.plugins.firebase.messaging.FlutterFirebaseMessagingReceiver"
82-->[:firebase_messaging] AndroidManifest.xml:29:13-98
83            android:exported="true"
83-->[:firebase_messaging] AndroidManifest.xml:30:13-36
84            android:permission="com.google.android.c2dm.permission.SEND" >
84-->[:firebase_messaging] AndroidManifest.xml:31:13-73
85            <intent-filter>
85-->[:firebase_messaging] AndroidManifest.xml:32:13-34:29
86                <action android:name="com.google.android.c2dm.intent.RECEIVE" />
86-->[:firebase_messaging] AndroidManifest.xml:33:17-81
86-->[:firebase_messaging] AndroidManifest.xml:33:25-78
87            </intent-filter>
88        </receiver>
89
90        <service
90-->[:firebase_messaging] AndroidManifest.xml:37:9-41:19
91            android:name="com.google.firebase.components.ComponentDiscoveryService"
91-->[:firebase_messaging] AndroidManifest.xml:37:18-89
92            android:directBootAware="true"
92-->[com.google.firebase:firebase-common:20.3.2] AndroidManifest.xml:34:13-43
93            android:exported="false" >
93-->[com.google.firebase:firebase-iid:21.1.0] AndroidManifest.xml:31:13-37
94            <meta-data
94-->[:firebase_messaging] AndroidManifest.xml:38:13-40:85
95                android:name="com.google.firebase.components:io.flutter.plugins.firebase.messaging.FlutterFirebaseAppRegistrar"
95-->[:firebase_messaging] AndroidManifest.xml:39:17-128
96                android:value="com.google.firebase.components.ComponentRegistrar" />
96-->[:firebase_messaging] AndroidManifest.xml:40:17-82
97            <meta-data
97-->[:firebase_core] AndroidManifest.xml:11:13-13:85
98                android:name="com.google.firebase.components:io.flutter.plugins.firebase.core.FlutterFirebaseCoreRegistrar"
98-->[:firebase_core] AndroidManifest.xml:12:17-124
99                android:value="com.google.firebase.components.ComponentRegistrar" />
99-->[:firebase_core] AndroidManifest.xml:13:17-82
100            <meta-data
100-->[com.google.firebase:firebase-iid:21.1.0] AndroidManifest.xml:32:13-34:85
101                android:name="com.google.firebase.components:com.google.firebase.iid.Registrar"
101-->[com.google.firebase:firebase-iid:21.1.0] AndroidManifest.xml:33:17-96
102                android:value="com.google.firebase.components.ComponentRegistrar" />
102-->[com.google.firebase:firebase-iid:21.1.0] AndroidManifest.xml:34:17-82
103            <meta-data
103-->[com.google.firebase:firebase-messaging:23.1.2] AndroidManifest.xml:55:13-57:85
104                android:name="com.google.firebase.components:com.google.firebase.messaging.FirebaseMessagingRegistrar"
104-->[com.google.firebase:firebase-messaging:23.1.2] AndroidManifest.xml:56:17-119
105                android:value="com.google.firebase.components.ComponentRegistrar" />
105-->[com.google.firebase:firebase-messaging:23.1.2] AndroidManifest.xml:57:17-82
106            <meta-data
106-->[com.google.firebase:firebase-installations:17.1.3] AndroidManifest.xml:17:13-19:85
107                android:name="com.google.firebase.components:com.google.firebase.installations.FirebaseInstallationsRegistrar"
107-->[com.google.firebase:firebase-installations:17.1.3] AndroidManifest.xml:18:17-127
108                android:value="com.google.firebase.components.ComponentRegistrar" />
108-->[com.google.firebase:firebase-installations:17.1.3] AndroidManifest.xml:19:17-82
109            <meta-data
109-->[com.google.firebase:firebase-datatransport:18.1.7] AndroidManifest.xml:27:13-29:85
110                android:name="com.google.firebase.components:com.google.firebase.datatransport.TransportRegistrar"
110-->[com.google.firebase:firebase-datatransport:18.1.7] AndroidManifest.xml:28:17-115
111                android:value="com.google.firebase.components.ComponentRegistrar" />
111-->[com.google.firebase:firebase-datatransport:18.1.7] AndroidManifest.xml:29:17-82
112        </service>
113
114        <provider
114-->[:firebase_messaging] AndroidManifest.xml:43:9-47:38
115            android:name="io.flutter.plugins.firebase.messaging.FlutterFirebaseMessagingInitProvider"
115-->[:firebase_messaging] AndroidManifest.xml:44:13-102
116            android:authorities="com.techbrothers.flutternotifications.flutterfirebasemessaginginitprovider"
116-->[:firebase_messaging] AndroidManifest.xml:45:13-88
117            android:exported="false"
117-->[:firebase_messaging] AndroidManifest.xml:46:13-37
118            android:initOrder="99" />
118-->[:firebase_messaging] AndroidManifest.xml:47:13-35
119
120        <receiver
120-->[:flutter_local_notifications] AndroidManifest.xml:16:9-18:40
121            android:name="com.dexterous.flutterlocalnotifications.ActionBroadcastReceiver"
121-->[:flutter_local_notifications] AndroidManifest.xml:17:13-91
122            android:exported="false" />
122-->[:flutter_local_notifications] AndroidManifest.xml:18:13-37
123        <receiver
123-->[:flutter_local_notifications] AndroidManifest.xml:19:9-21:40
124            android:name="com.dexterous.flutterlocalnotifications.ScheduledNotificationReceiver"
124-->[:flutter_local_notifications] AndroidManifest.xml:20:13-97
125            android:exported="false" />
125-->[:flutter_local_notifications] AndroidManifest.xml:21:13-37
126        <receiver
126-->[:flutter_local_notifications] AndroidManifest.xml:22:9-31:20
127            android:name="com.dexterous.flutterlocalnotifications.ScheduledNotificationBootReceiver"
127-->[:flutter_local_notifications] AndroidManifest.xml:23:13-101
128            android:exported="false" >
128-->[:flutter_local_notifications] AndroidManifest.xml:24:13-37
129            <intent-filter>
129-->[:flutter_local_notifications] AndroidManifest.xml:25:13-30:29
130                <action android:name="android.intent.action.BOOT_COMPLETED" />
130-->[:flutter_local_notifications] AndroidManifest.xml:26:17-79
130-->[:flutter_local_notifications] AndroidManifest.xml:26:25-76
131                <action android:name="android.intent.action.MY_PACKAGE_REPLACED" />
131-->[:flutter_local_notifications] AndroidManifest.xml:27:17-84
131-->[:flutter_local_notifications] AndroidManifest.xml:27:25-81
132                <action android:name="android.intent.action.QUICKBOOT_POWERON" />
132-->[:flutter_local_notifications] AndroidManifest.xml:28:17-82
132-->[:flutter_local_notifications] AndroidManifest.xml:28:25-79
133                <action android:name="com.htc.intent.action.QUICKBOOT_POWERON" />
133-->[:flutter_local_notifications] AndroidManifest.xml:29:17-82
133-->[:flutter_local_notifications] AndroidManifest.xml:29:25-79
134            </intent-filter>
135        </receiver>
136
137        <uses-library
137-->[androidx.window:window:1.0.0-beta04] AndroidManifest.xml:25:9-27:40
138            android:name="androidx.window.extensions"
138-->[androidx.window:window:1.0.0-beta04] AndroidManifest.xml:26:13-54
139            android:required="false" />
139-->[androidx.window:window:1.0.0-beta04] AndroidManifest.xml:27:13-37
140        <uses-library
140-->[androidx.window:window:1.0.0-beta04] AndroidManifest.xml:28:9-30:40
141            android:name="androidx.window.sidecar"
141-->[androidx.window:window:1.0.0-beta04] AndroidManifest.xml:29:13-51
142            android:required="false" />
142-->[androidx.window:window:1.0.0-beta04] AndroidManifest.xml:30:13-37
143
144        <receiver
144-->[com.google.firebase:firebase-messaging:23.1.2] AndroidManifest.xml:31:9-38:20
145            android:name="com.google.firebase.iid.FirebaseInstanceIdReceiver"
145-->[com.google.firebase:firebase-messaging:23.1.2] AndroidManifest.xml:32:13-78
146            android:exported="true"
146-->[com.google.firebase:firebase-messaging:23.1.2] AndroidManifest.xml:33:13-36
147            android:permission="com.google.android.c2dm.permission.SEND" >
147-->[com.google.firebase:firebase-messaging:23.1.2] AndroidManifest.xml:34:13-73
148            <intent-filter>
148-->[:firebase_messaging] AndroidManifest.xml:32:13-34:29
149                <action android:name="com.google.android.c2dm.intent.RECEIVE" />
149-->[:firebase_messaging] AndroidManifest.xml:33:17-81
149-->[:firebase_messaging] AndroidManifest.xml:33:25-78
150            </intent-filter>
151        </receiver>
152        <!--
153             FirebaseMessagingService performs security checks at runtime,
154             but set to not exported to explicitly avoid allowing another app to call it.
155        -->
156        <service
156-->[com.google.firebase:firebase-messaging:23.1.2] AndroidManifest.xml:44:9-51:19
157            android:name="com.google.firebase.messaging.FirebaseMessagingService"
157-->[com.google.firebase:firebase-messaging:23.1.2] AndroidManifest.xml:45:13-82
158            android:directBootAware="true"
158-->[com.google.firebase:firebase-messaging:23.1.2] AndroidManifest.xml:46:13-43
159            android:exported="false" >
159-->[com.google.firebase:firebase-messaging:23.1.2] AndroidManifest.xml:47:13-37
160            <intent-filter android:priority="-500" >
160-->[:firebase_messaging] AndroidManifest.xml:23:13-25:29
161                <action android:name="com.google.firebase.MESSAGING_EVENT" />
161-->[:firebase_messaging] AndroidManifest.xml:24:17-78
161-->[:firebase_messaging] AndroidManifest.xml:24:25-75
162            </intent-filter>
163        </service>
164
165        <provider
165-->[com.google.firebase:firebase-common:20.3.2] AndroidManifest.xml:25:9-30:39
166            android:name="com.google.firebase.provider.FirebaseInitProvider"
166-->[com.google.firebase:firebase-common:20.3.2] AndroidManifest.xml:26:13-77
167            android:authorities="com.techbrothers.flutternotifications.firebaseinitprovider"
167-->[com.google.firebase:firebase-common:20.3.2] AndroidManifest.xml:27:13-72
168            android:directBootAware="true"
168-->[com.google.firebase:firebase-common:20.3.2] AndroidManifest.xml:28:13-43
169            android:exported="false"
169-->[com.google.firebase:firebase-common:20.3.2] AndroidManifest.xml:29:13-37
170            android:initOrder="100" />
170-->[com.google.firebase:firebase-common:20.3.2] AndroidManifest.xml:30:13-36
171
172        <activity
172-->[com.google.android.gms:play-services-base:18.0.1] AndroidManifest.xml:20:9-22:45
173            android:name="com.google.android.gms.common.api.GoogleApiActivity"
173-->[com.google.android.gms:play-services-base:18.0.1] AndroidManifest.xml:20:19-85
174            android:exported="false"
174-->[com.google.android.gms:play-services-base:18.0.1] AndroidManifest.xml:22:19-43
175            android:theme="@android:style/Theme.Translucent.NoTitleBar" />
175-->[com.google.android.gms:play-services-base:18.0.1] AndroidManifest.xml:21:19-78
176
177        <meta-data
177-->[com.google.android.gms:play-services-basement:18.1.0] AndroidManifest.xml:21:9-23:69
178            android:name="com.google.android.gms.version"
178-->[com.google.android.gms:play-services-basement:18.1.0] AndroidManifest.xml:22:13-58
179            android:value="@integer/google_play_services_version" />
179-->[com.google.android.gms:play-services-basement:18.1.0] AndroidManifest.xml:23:13-66
180
181        <service
181-->[com.google.android.datatransport:transport-backend-cct:3.1.8] AndroidManifest.xml:28:9-34:19
182            android:name="com.google.android.datatransport.runtime.backends.TransportBackendDiscovery"
182-->[com.google.android.datatransport:transport-backend-cct:3.1.8] AndroidManifest.xml:29:13-103
183            android:exported="false" >
183-->[com.google.android.datatransport:transport-backend-cct:3.1.8] AndroidManifest.xml:30:13-37
184            <meta-data
184-->[com.google.android.datatransport:transport-backend-cct:3.1.8] AndroidManifest.xml:31:13-33:39
185                android:name="backend:com.google.android.datatransport.cct.CctBackendFactory"
185-->[com.google.android.datatransport:transport-backend-cct:3.1.8] AndroidManifest.xml:32:17-94
186                android:value="cct" />
186-->[com.google.android.datatransport:transport-backend-cct:3.1.8] AndroidManifest.xml:33:17-36
187        </service>
188        <service
188-->[com.google.android.datatransport:transport-runtime:3.1.8] AndroidManifest.xml:26:9-30:19
189            android:name="com.google.android.datatransport.runtime.scheduling.jobscheduling.JobInfoSchedulerService"
189-->[com.google.android.datatransport:transport-runtime:3.1.8] AndroidManifest.xml:27:13-117
190            android:exported="false"
190-->[com.google.android.datatransport:transport-runtime:3.1.8] AndroidManifest.xml:28:13-37
191            android:permission="android.permission.BIND_JOB_SERVICE" >
191-->[com.google.android.datatransport:transport-runtime:3.1.8] AndroidManifest.xml:29:13-69
192        </service>
193
194        <receiver
194-->[com.google.android.datatransport:transport-runtime:3.1.8] AndroidManifest.xml:32:9-34:40
195            android:name="com.google.android.datatransport.runtime.scheduling.jobscheduling.AlarmManagerSchedulerBroadcastReceiver"
195-->[com.google.android.datatransport:transport-runtime:3.1.8] AndroidManifest.xml:33:13-132
196            android:exported="false" />
196-->[com.google.android.datatransport:transport-runtime:3.1.8] AndroidManifest.xml:34:13-37
197    </application>
198
199</manifest>